<?xml version="1.0" encoding="UTF-8"?>
<!-- Generated by org.testng.reporters.JUnitXMLReporter -->
<testsuite ignored="0" hostname="USER-15" failures="1" tests="1" name="Cucumber Test Runner 10" time="4.596" errors="0" timestamp="2024-11-28T02:18:48 IST">
  <testcase classname="io.cucumber.testng.AbstractTestNGCucumberTests" name="runScenario" time="0.031">
    <failure type="java.lang.AssertionError" message="expected [true] but found [false]">
      <![CDATA[java.lang.AssertionError: expected [true] but found [false]
at steps.HomePageStep.i_am_on_the_homepage_of_urban_ladder(HomePageStep.java:15)
at ✽.I am on the homepage of Urban Ladder.(file:///C:/Users/LENOVO/eclipse-workspace/YAKSHA-Workspace/Selenium/VM-Java-Health-App-Dispensary-Automation-L1-Selenium_Excel-Template-main/src/test/java/features/04_FooterLinks.feature:5)
... Removed 7 stack frames]]>
    </failure>
  </testcase> <!-- runScenario -->
</testsuite> <!-- Cucumber Test Runner 10 -->
