<?xml version="1.0" encoding="UTF-8"?>
<testng-results ignored="0" total="16" passed="16" failed="0" skipped="0">
  <reporter-output>
  </reporter-output>
  <suite started-at="2024-12-02T18:09:15 IST" name="Suite" finished-at="2024-12-02T18:14:42 IST" duration-ms="327250">
    <groups>
      <group name="cucumber">
        <method signature="AbstractTestNGCucumberTests.runScenario(io.cucumber.testng.PickleWrapper,io.cucumber.testng.FeatureWrapper)[pri:0, instance:runner.TestRunner1@12d2ce03]" name="runScenario" class="io.cucumber.testng.AbstractTestNGCucumberTests"/>
      </group> <!-- cucumber -->
    </groups>
    <test started-at="2024-12-02T18:09:15 IST" name="Cucumber Test Runner 1" finished-at="2024-12-02T18:14:42 IST" duration-ms="327250">
      <class name="runner.TestRunner1">
        <test-method is-config="true" signature="setUpClass(org.testng.ITestContext)[pri:0, instance:runner.TestRunner1@12d2ce03]" started-at="2024-12-02T18:09:15 IST" name="setUpClass" finished-at="2024-12-02T18:09:15 IST" duration-ms="501" status="PASS">
          <params>
            <param index="0">
              <value>
                <![CDATA[org.testng.TestRunner@45dbbb97]]>
              </value>
            </param>
          </params>
          <reporter-output>
          </reporter-output>
        </test-method> <!-- setUpClass -->
        <test-method signature="runScenario(io.cucumber.testng.PickleWrapper,io.cucumber.testng.FeatureWrapper)[pri:0, instance:runner.TestRunner1@12d2ce03]" started-at="2024-12-02T18:09:15 IST" name="runScenario" description="Runs Cucumber Scenarios" data-provider="scenarios" finished-at="2024-12-02T18:09:28 IST" duration-ms="12127" status="PASS">
          <params>
            <param index="0">
              <value>
                <![CDATA["Verify the verfication module is present or not"]]>
              </value>
            </param>
            <param index="1">
              <value>
                <![CDATA["Verification Module"]]>
              </value>
            </param>
          </params>
          <reporter-output>
          </reporter-output>
        </test-method> <!-- runScenario -->
        <test-method signature="runScenario(io.cucumber.testng.PickleWrapper,io.cucumber.testng.FeatureWrapper)[pri:0, instance:runner.TestRunner1@12d2ce03]" started-at="2024-12-02T18:09:33 IST" name="runScenario" description="Runs Cucumber Scenarios" data-provider="scenarios" finished-at="2024-12-02T18:09:50 IST" duration-ms="17535" status="PASS">
          <params>
            <param index="0">
              <value>
                <![CDATA["Verify all sub-modules are displayed correctly after Clicking on the "verification" Module."]]>
              </value>
            </param>
            <param index="1">
              <value>
                <![CDATA["Verification Module"]]>
              </value>
            </param>
          </params>
          <reporter-output>
          </reporter-output>
        </test-method> <!-- runScenario -->
        <test-method signature="runScenario(io.cucumber.testng.PickleWrapper,io.cucumber.testng.FeatureWrapper)[pri:0, instance:runner.TestRunner1@12d2ce03]" started-at="2024-12-02T18:09:54 IST" name="runScenario" description="Runs Cucumber Scenarios" data-provider="scenarios" finished-at="2024-12-02T18:10:11 IST" duration-ms="17096" status="PASS">
          <params>
            <param index="0">
              <value>
                <![CDATA["Verify the presence of Requisition tab in inventory section with all fields."]]>
              </value>
            </param>
            <param index="1">
              <value>
                <![CDATA["Verification Module"]]>
              </value>
            </param>
          </params>
          <reporter-output>
          </reporter-output>
        </test-method> <!-- runScenario -->
        <test-method signature="runScenario(io.cucumber.testng.PickleWrapper,io.cucumber.testng.FeatureWrapper)[pri:0, instance:runner.TestRunner1@12d2ce03]" started-at="2024-12-02T18:10:22 IST" name="runScenario" description="Runs Cucumber Scenarios" data-provider="scenarios" finished-at="2024-12-02T18:10:34 IST" duration-ms="12443" status="PASS">
          <params>
            <param index="0">
              <value>
                <![CDATA["Verify to navigate on another sub module after open the inventory module"]]>
              </value>
            </param>
            <param index="1">
              <value>
                <![CDATA["Verification Module"]]>
              </value>
            </param>
          </params>
          <reporter-output>
          </reporter-output>
        </test-method> <!-- runScenario -->
        <test-method signature="runScenario(io.cucumber.testng.PickleWrapper,io.cucumber.testng.FeatureWrapper)[pri:0, instance:runner.TestRunner1@12d2ce03]" started-at="2024-12-02T18:10:38 IST" name="runScenario" description="Runs Cucumber Scenarios" data-provider="scenarios" finished-at="2024-12-02T18:10:51 IST" duration-ms="12810" status="PASS">
          <params>
            <param index="0">
              <value>
                <![CDATA["Verify to navigate on another sub tab after open the Requisition tab"]]>
              </value>
            </param>
            <param index="1">
              <value>
                <![CDATA["Verification Module"]]>
              </value>
            </param>
          </params>
          <reporter-output>
          </reporter-output>
        </test-method> <!-- runScenario -->
        <test-method signature="runScenario(io.cucumber.testng.PickleWrapper,io.cucumber.testng.FeatureWrapper)[pri:0, instance:runner.TestRunner1@12d2ce03]" started-at="2024-12-02T18:10:55 IST" name="runScenario" description="Runs Cucumber Scenarios" data-provider="scenarios" finished-at="2024-12-02T18:11:05 IST" duration-ms="9878" status="PASS">
          <params>
            <param index="0">
              <value>
                <![CDATA["Verify to search the data by picking the date filter"]]>
              </value>
            </param>
            <param index="1">
              <value>
                <![CDATA["Verification Module"]]>
              </value>
            </param>
          </params>
          <reporter-output>
          </reporter-output>
        </test-method> <!-- runScenario -->
        <test-method signature="runScenario(io.cucumber.testng.PickleWrapper,io.cucumber.testng.FeatureWrapper)[pri:0, instance:runner.TestRunner1@12d2ce03]" started-at="2024-12-02T18:11:08 IST" name="runScenario" description="Runs Cucumber Scenarios" data-provider="scenarios" finished-at="2024-12-02T18:11:15 IST" duration-ms="6146" status="PASS">
          <params>
            <param index="0">
              <value>
                <![CDATA["Verify the tooltip and it's text present on hover the mouse on "Star""]]>
              </value>
            </param>
            <param index="1">
              <value>
                <![CDATA["Verification Module"]]>
              </value>
            </param>
          </params>
          <reporter-output>
          </reporter-output>
        </test-method> <!-- runScenario -->
        <test-method signature="runScenario(io.cucumber.testng.PickleWrapper,io.cucumber.testng.FeatureWrapper)[pri:0, instance:runner.TestRunner1@12d2ce03]" started-at="2024-12-02T18:11:18 IST" name="runScenario" description="Runs Cucumber Scenarios" data-provider="scenarios" finished-at="2024-12-02T18:11:27 IST" duration-ms="8608" status="PASS">
          <params>
            <param index="0">
              <value>
                <![CDATA["Verify dates are remembered correclty"]]>
              </value>
            </param>
            <param index="1">
              <value>
                <![CDATA["Verification Module"]]>
              </value>
            </param>
          </params>
          <reporter-output>
          </reporter-output>
        </test-method> <!-- runScenario -->
        <test-method signature="runScenario(io.cucumber.testng.PickleWrapper,io.cucumber.testng.FeatureWrapper)[pri:0, instance:runner.TestRunner1@12d2ce03]" started-at="2024-12-02T18:11:31 IST" name="runScenario" description="Runs Cucumber Scenarios" data-provider="scenarios" finished-at="2024-12-02T18:11:48 IST" duration-ms="16990" status="PASS">
          <params>
            <param index="0">
              <value>
                <![CDATA["Verify data range by Select "one week" option from drop down"]]>
              </value>
            </param>
            <param index="1">
              <value>
                <![CDATA["Verification Module"]]>
              </value>
            </param>
          </params>
          <reporter-output>
          </reporter-output>
        </test-method> <!-- runScenario -->
        <test-method signature="runScenario(io.cucumber.testng.PickleWrapper,io.cucumber.testng.FeatureWrapper)[pri:0, instance:runner.TestRunner1@12d2ce03]" started-at="2024-12-02T18:11:51 IST" name="runScenario" description="Runs Cucumber Scenarios" data-provider="scenarios" finished-at="2024-12-02T18:12:00 IST" duration-ms="8315" status="PASS">
          <params>
            <param index="0">
              <value>
                <![CDATA["Verify following radio buttons are selectable:Pending, Approved, Rejected & All"]]>
              </value>
            </param>
            <param index="1">
              <value>
                <![CDATA["Verification Module"]]>
              </value>
            </param>
          </params>
          <reporter-output>
          </reporter-output>
        </test-method> <!-- runScenario -->
        <test-method signature="runScenario(io.cucumber.testng.PickleWrapper,io.cucumber.testng.FeatureWrapper)[pri:0, instance:runner.TestRunner1@12d2ce03]" started-at="2024-12-02T18:12:04 IST" name="runScenario" description="Runs Cucumber Scenarios" data-provider="scenarios" finished-at="2024-12-02T18:12:26 IST" duration-ms="22464" status="PASS">
          <params>
            <param index="0">
              <value>
                <![CDATA["Create and Verify a Purchase Request in Inventory"]]>
              </value>
            </param>
            <param index="1">
              <value>
                <![CDATA["Verification Module"]]>
              </value>
            </param>
          </params>
          <reporter-output>
          </reporter-output>
        </test-method> <!-- runScenario -->
        <test-method signature="runScenario(io.cucumber.testng.PickleWrapper,io.cucumber.testng.FeatureWrapper)[pri:0, instance:runner.TestRunner1@12d2ce03]" started-at="2024-12-02T18:12:30 IST" name="runScenario" description="Runs Cucumber Scenarios" data-provider="scenarios" finished-at="2024-12-02T18:12:47 IST" duration-ms="17409" status="PASS">
          <params>
            <param index="0">
              <value>
                <![CDATA["Verify Purchase Request in Verification Module"]]>
              </value>
            </param>
            <param index="1">
              <value>
                <![CDATA["Verification Module"]]>
              </value>
            </param>
          </params>
          <reporter-output>
          </reporter-output>
        </test-method> <!-- runScenario -->
        <test-method signature="runScenario(io.cucumber.testng.PickleWrapper,io.cucumber.testng.FeatureWrapper)[pri:0, instance:runner.TestRunner1@12d2ce03]" started-at="2024-12-02T18:12:51 IST" name="runScenario" description="Runs Cucumber Scenarios" data-provider="scenarios" finished-at="2024-12-02T18:13:23 IST" duration-ms="31819" status="PASS">
          <params>
            <param index="0">
              <value>
                <![CDATA["Approve the Purchase Request and Verify Status"]]>
              </value>
            </param>
            <param index="1">
              <value>
                <![CDATA["Verification Module"]]>
              </value>
            </param>
          </params>
          <reporter-output>
          </reporter-output>
        </test-method> <!-- runScenario -->
        <test-method signature="runScenario(io.cucumber.testng.PickleWrapper,io.cucumber.testng.FeatureWrapper)[pri:0, instance:runner.TestRunner1@12d2ce03]" started-at="2024-12-02T18:13:27 IST" name="runScenario" description="Runs Cucumber Scenarios" data-provider="scenarios" finished-at="2024-12-02T18:13:48 IST" duration-ms="21169" status="PASS">
          <params>
            <param index="0">
              <value>
                <![CDATA["Verify Reject All button without filling remark field"]]>
              </value>
            </param>
            <param index="1">
              <value>
                <![CDATA["Verification Module"]]>
              </value>
            </param>
          </params>
          <reporter-output>
          </reporter-output>
        </test-method> <!-- runScenario -->
        <test-method signature="runScenario(io.cucumber.testng.PickleWrapper,io.cucumber.testng.FeatureWrapper)[pri:0, instance:runner.TestRunner1@12d2ce03]" started-at="2024-12-02T18:13:52 IST" name="runScenario" description="Runs Cucumber Scenarios" data-provider="scenarios" finished-at="2024-12-02T18:14:23 IST" duration-ms="31735" status="PASS">
          <params>
            <param index="0">
              <value>
                <![CDATA["Reject the Approved Purchase Request and Verify Status"]]>
              </value>
            </param>
            <param index="1">
              <value>
                <![CDATA["Verification Module"]]>
              </value>
            </param>
          </params>
          <reporter-output>
          </reporter-output>
        </test-method> <!-- runScenario -->
        <test-method signature="runScenario(io.cucumber.testng.PickleWrapper,io.cucumber.testng.FeatureWrapper)[pri:0, instance:runner.TestRunner1@12d2ce03]" started-at="2024-12-02T18:14:27 IST" name="runScenario" description="Runs Cucumber Scenarios" data-provider="scenarios" finished-at="2024-12-02T18:14:36 IST" duration-ms="8446" status="PASS">
          <params>
            <param index="0">
              <value>
                <![CDATA["Take Screenshot of the current page"]]>
              </value>
            </param>
            <param index="1">
              <value>
                <![CDATA["Verification Module"]]>
              </value>
            </param>
          </params>
          <reporter-output>
          </reporter-output>
        </test-method> <!-- runScenario -->
        <test-method is-config="true" signature="tearDownClass()[pri:0, instance:runner.TestRunner1@12d2ce03]" started-at="2024-12-02T18:14:40 IST" name="tearDownClass" finished-at="2024-12-02T18:14:42 IST" duration-ms="2538" status="PASS">
          <reporter-output>
          </reporter-output>
        </test-method> <!-- tearDownClass -->
      </class> <!-- runner.TestRunner1 -->
    </test> <!-- Cucumber Test Runner 1 -->
  </suite> <!-- Suite -->
</testng-results>
