<?xml version="1.0" encoding="UTF-8"?>
<!-- Generated by org.testng.reporters.JUnitReportReporter -->
<testsuite hostname="USER-15" failures="1" tests="1" name="runner.TestRunner10" time="0.031" errors="0" timestamp="2024-11-28T02:18:48 IST" skipped="0">
  <testcase classname="runner.TestRunner10" name="runScenario" time="0.031">
    <failure message="expected [true] but found [false]" type="java.lang.AssertionError">
      <![CDATA[java.lang.AssertionError: expected [true] but found [false]
at org.testng.Assert.fail(Assert.java:111)
at org.testng.Assert.failNotEquals(Assert.java:1578)
at org.testng.Assert.assertEqualsImpl(Assert.java:150)
at org.testng.Assert.assertEquals(Assert.java:132)
at org.testng.Assert.assertEquals(Assert.java:1067)
at org.testng.Assert.assertEquals(Assert.java:1031)
at org.testng.Assert.assertEquals(Assert.java:1077)
at steps.HomePageStep.i_am_on_the_homepage_of_urban_ladder(HomePageStep.java:15)
at ✽.I am on the homepage of Urban Ladder.(file:///C:/Users/LENOVO/eclipse-workspace/YAKSHA-Workspace/Selenium/VM-Java-Health-App-Dispensary-Automation-L1-Selenium_Excel-Template-main/src/test/java/features/04_FooterLinks.feature:5)
]]>
    </failure>
  </testcase> <!-- runScenario -->
</testsuite> <!-- runner.TestRunner10 -->
